14:13:32.864 [DEBUG] [org.gradle.launcher.daemon.bootstrap.DaemonMain] Assuming the daemon was started with following jvm opts: [--add-opens, java.base/java.util=ALL-UNNAMED, --add-opens, java.base/java.lang=ALL-UNNAMED, --add-opens, java.base/java.lang.invoke=ALL-UNNAMED, --add-opens, java.prefs/java.util.prefs=ALL-UNNAMED, -XX:MaxMetaspaceSize=256m, -XX:+HeapDumpOnOutOfMemoryError, -Xmx512m, -Dfile.encoding=UTF-8, -Duser.country=DE, -Duser.language=en, -Duser.variant]
14:13:32.956 [INFO] [org.gradle.launcher.daemon.server.health.gc.GarbageCollectionMonitor] Unable to determine a garbage collection monitoring strategy for JVMStrategy{JetBrains s.r.o version 11.0.3}
14:13:33.031 [INFO] [org.gradle.launcher.daemon.server.Daemon] start() called on daemon - DefaultDaemonContext[uid=ff7b0132-1d0b-40ae-bf77-0e7715ae47da,javaHome=/Applications/IntelliJ IDEA CE.app/Contents/jbr/Contents/Home,daemonRegistryDir=/Users/simranjit/Documents/wire/qa-code-challenge/daemon,pid=57000,idleTimeout=10800000,priority=NORMAL,daemonOpts=--add-opens,java.base/java.util=ALL-UNNAMED,--add-opens,java.base/java.lang=ALL-UNNAMED,--add-opens,java.base/java.lang.invoke=ALL-UNNAMED,--add-opens,java.prefs/java.util.prefs=ALL-UNNAMED,-XX:MaxMetaspaceSize=256m,-XX:+HeapDumpOnOutOfMemoryError,-Xmx512m,-Dfile.encoding=UTF-8,-Duser.country=DE,-Duser.language=en,-Duser.variant]
14:13:33.100 [DEBUG] [org.gradle.internal.remote.internal.inet.InetAddresses] Adding IP addresses for network interface utun3
14:13:33.100 [DEBUG] [org.gradle.internal.remote.internal.inet.InetAddresses] Is this a loopback interface? false
14:13:33.100 [DEBUG] [org.gradle.internal.remote.internal.inet.InetAddresses] Adding remote address /fe80:0:0:0:ce81:b1c:bd2c:69e%utun3
14:13:33.100 [DEBUG] [org.gradle.internal.remote.internal.inet.InetAddresses] Adding IP addresses for network interface utun2
14:13:33.103 [DEBUG] [org.gradle.internal.remote.internal.inet.InetAddresses] Is this a loopback interface? false
14:13:33.104 [DEBUG] [org.gradle.internal.remote.internal.inet.InetAddresses] Adding remote address /fe80:0:0:0:749:fae8:d87c:8fe0%utun2
14:13:33.104 [DEBUG] [org.gradle.internal.remote.internal.inet.InetAddresses] Adding IP addresses for network interface utun1
14:13:33.104 [DEBUG] [org.gradle.internal.remote.internal.inet.InetAddresses] Is this a loopback interface? false
14:13:33.104 [DEBUG] [org.gradle.internal.remote.internal.inet.InetAddresses] Adding remote address /fe80:0:0:0:2ca8:6fa8:1d8f:7c93%utun1
14:13:33.105 [DEBUG] [org.gradle.internal.remote.internal.inet.InetAddresses] Adding IP addresses for network interface utun0
14:13:33.105 [DEBUG] [org.gradle.internal.remote.internal.inet.InetAddresses] Is this a loopback interface? false
14:13:33.105 [DEBUG] [org.gradle.internal.remote.internal.inet.InetAddresses] Adding remote address /fe80:0:0:0:9d6d:5995:c830:3afa%utun0
14:13:33.105 [DEBUG] [org.gradle.internal.remote.internal.inet.InetAddresses] Adding IP addresses for network interface llw0
14:13:33.106 [DEBUG] [org.gradle.internal.remote.internal.inet.InetAddresses] Is this a loopback interface? false
14:13:33.106 [DEBUG] [org.gradle.internal.remote.internal.inet.InetAddresses] Adding remote address /fe80:0:0:0:74f8:f5ff:fedd:a009%llw0
14:13:33.106 [DEBUG] [org.gradle.internal.remote.internal.inet.InetAddresses] Adding IP addresses for network interface awdl0
14:13:33.107 [DEBUG] [org.gradle.internal.remote.internal.inet.InetAddresses] Is this a loopback interface? false
14:13:33.107 [DEBUG] [org.gradle.internal.remote.internal.inet.InetAddresses] Adding remote address /fe80:0:0:0:74f8:f5ff:fedd:a009%awdl0
14:13:33.107 [DEBUG] [org.gradle.internal.remote.internal.inet.InetAddresses] Adding IP addresses for network interface ap1
14:13:33.107 [DEBUG] [org.gradle.internal.remote.internal.inet.InetAddresses] Is this a loopback interface? false
14:13:33.108 [DEBUG] [org.gradle.internal.remote.internal.inet.InetAddresses] Adding remote address /fe80:0:0:0:487:84ff:fe20:d05%ap1
14:13:33.108 [DEBUG] [org.gradle.internal.remote.internal.inet.InetAddresses] Adding IP addresses for network interface en5
14:13:33.109 [DEBUG] [org.gradle.internal.remote.internal.inet.InetAddresses] Is this a loopback interface? false
14:13:33.109 [DEBUG] [org.gradle.internal.remote.internal.inet.InetAddresses] Adding remote address /fe80:0:0:0:aede:48ff:fe00:1122%en5
14:13:33.109 [DEBUG] [org.gradle.internal.remote.internal.inet.InetAddresses] Adding IP addresses for network interface en0
14:13:33.109 [DEBUG] [org.gradle.internal.remote.internal.inet.InetAddresses] Is this a loopback interface? false
14:13:33.109 [DEBUG] [org.gradle.internal.remote.internal.inet.InetAddresses] Adding remote address /2401:4900:8838:87e6:ec42:7649:97ff:1ad4%en0
14:13:33.110 [DEBUG] [org.gradle.internal.remote.internal.inet.InetAddresses] Adding remote address /2401:4900:8838:87e6:c37:7a3a:8c0b:3b18%en0
14:13:33.110 [DEBUG] [org.gradle.internal.remote.internal.inet.InetAddresses] Adding remote address /fe80:0:0:0:1004:2066:c40e:b60f%en0
14:13:33.110 [DEBUG] [org.gradle.internal.remote.internal.inet.InetAddresses] Adding remote address /192.168.1.11
14:13:33.110 [DEBUG] [org.gradle.internal.remote.internal.inet.InetAddresses] Adding IP addresses for network interface lo0
14:13:33.111 [DEBUG] [org.gradle.internal.remote.internal.inet.InetAddresses] Is this a loopback interface? true
14:13:33.111 [DEBUG] [org.gradle.internal.remote.internal.inet.InetAddresses] Ignoring remote address on loopback interface /fe80:0:0:0:0:0:0:1%lo0
14:13:33.111 [DEBUG] [org.gradle.internal.remote.internal.inet.InetAddresses] Adding loopback address /0:0:0:0:0:0:0:1%lo0
14:13:33.112 [DEBUG] [org.gradle.internal.remote.internal.inet.InetAddresses] Adding loopback address /127.0.0.1
14:13:33.118 [DEBUG] [org.gradle.internal.remote.internal.inet.TcpIncomingConnector] Listening on [218699d2-a001-4860-9018-76e8eb1a5899 port:59892, addresses:[/0:0:0:0:0:0:0:1%lo0, /127.0.0.1]].
14:13:33.140 [DEBUG] [org.gradle.launcher.daemon.server.Daemon] Daemon starting at: Wed Mar 05 14:13:33 IST 2025, with address: [218699d2-a001-4860-9018-76e8eb1a5899 port:59892, addresses:[/0:0:0:0:0:0:0:1%lo0, /127.0.0.1]]
14:13:33.140 [INFO] [org.gradle.launcher.daemon.server.DaemonRegistryUpdater] Advertising the daemon address to the clients: [218699d2-a001-4860-9018-76e8eb1a5899 port:59892, addresses:[/0:0:0:0:0:0:0:1%lo0, /127.0.0.1]]
14:13:33.141 [DEBUG] [org.gradle.launcher.daemon.server.DaemonRegistryUpdater] Advertised daemon context: DefaultDaemonContext[uid=ff7b0132-1d0b-40ae-bf77-0e7715ae47da,javaHome=/Applications/IntelliJ IDEA CE.app/Contents/jbr/Contents/Home,daemonRegistryDir=/Users/simranjit/Documents/wire/qa-code-challenge/daemon,pid=57000,idleTimeout=10800000,priority=NORMAL,daemonOpts=--add-opens,java.base/java.util=ALL-UNNAMED,--add-opens,java.base/java.lang=ALL-UNNAMED,--add-opens,java.base/java.lang.invoke=ALL-UNNAMED,--add-opens,java.prefs/java.util.prefs=ALL-UNNAMED,-XX:MaxMetaspaceSize=256m,-XX:+HeapDumpOnOutOfMemoryError,-Xmx512m,-Dfile.encoding=UTF-8,-Duser.country=DE,-Duser.language=en,-Duser.variant]
14:13:33.143 [DEBUG] [org.gradle.launcher.daemon.registry.PersistentDaemonRegistry] Storing daemon address: [218699d2-a001-4860-9018-76e8eb1a5899 port:59892, addresses:[/0:0:0:0:0:0:0:1%lo0, /127.0.0.1]], context: DefaultDaemonContext[uid=ff7b0132-1d0b-40ae-bf77-0e7715ae47da,javaHome=/Applications/IntelliJ IDEA CE.app/Contents/jbr/Contents/Home,daemonRegistryDir=/Users/simranjit/Documents/wire/qa-code-challenge/daemon,pid=57000,idleTimeout=10800000,priority=NORMAL,daemonOpts=--add-opens,java.base/java.util=ALL-UNNAMED,--add-opens,java.base/java.lang=ALL-UNNAMED,--add-opens,java.base/java.lang.invoke=ALL-UNNAMED,--add-opens,java.prefs/java.util.prefs=ALL-UNNAMED,-XX:MaxMetaspaceSize=256m,-XX:+HeapDumpOnOutOfMemoryError,-Xmx512m,-Dfile.encoding=UTF-8,-Duser.country=DE,-Duser.language=en,-Duser.variant]
14:13:33.157 [DEBUG] [org.gradle.cache.internal.DefaultFileLockManager] Waiting to acquire exclusive lock on daemon addresses registry.
14:13:33.159 [DEBUG] [org.gradle.cache.internal.DefaultFileLockManager] Lock acquired on daemon addresses registry.
14:13:33.163 [DEBUG] [org.gradle.cache.internal.DefaultFileLockManager] Releasing lock on daemon addresses registry.
14:13:33.164 [LIFECYCLE] [org.gradle.launcher.daemon.server.Daemon] Daemon server started.
14:13:33.165 [DEBUG] [org.gradle.launcher.daemon.bootstrap.DaemonStartupCommunication] Completed writing the daemon greeting. Closing streams...
14:13:33.168 [DEBUG] [org.gradle.launcher.daemon.server.Daemon] stopOnExpiration() called on daemon
14:13:33.170 [DEBUG] [org.gradle.launcher.daemon.server.Daemon] awaitExpiration() called on daemon
14:13:33.171 [DEBUG] [org.gradle.launcher.daemon.server.DaemonStateCoordinator] daemon is running. Sleeping until state changes.
14:13:33.177 [DEBUG] [org.gradle.internal.remote.internal.inet.TcpIncomingConnector] Accepted connection from /127.0.0.1:59894 to /127.0.0.1:59892.
14:13:33.265 [DEBUG] [org.gradle.launcher.daemon.server.SynchronizedDispatchConnection] thread 18: received class org.gradle.launcher.daemon.protocol.Build
14:13:33.266 [DEBUG] [org.gradle.launcher.daemon.server.DefaultDaemonConnection] thread 18: Received non-IO message from client: Build{id=98f6214a-a776-4a6e-a256-16baf67f63cb, currentDir=/Users/simranjit/Documents/wire}
14:13:33.267 [INFO] [org.gradle.launcher.daemon.server.DefaultIncomingConnectionHandler] Received command: Build{id=98f6214a-a776-4a6e-a256-16baf67f63cb, currentDir=/Users/simranjit/Documents/wire}.
14:13:33.267 [DEBUG] [org.gradle.launcher.daemon.server.DefaultIncomingConnectionHandler] Starting executing command: Build{id=98f6214a-a776-4a6e-a256-16baf67f63cb, currentDir=/Users/simranjit/Documents/wire} with connection: socket connection from /127.0.0.1:59892 to /127.0.0.1:59894.
14:13:33.269 [ERROR] [org.gradle.launcher.daemon.server.DaemonStateCoordinator] Command execution: started DaemonCommandExecution[command = Build{id=98f6214a-a776-4a6e-a256-16baf67f63cb, currentDir=/Users/simranjit/Documents/wire}, connection = DefaultDaemonConnection: socket connection from /127.0.0.1:59892 to /127.0.0.1:59894] after 0.0 minutes of idle
14:13:33.270 [INFO] [org.gradle.launcher.daemon.server.DaemonRegistryUpdater] Marking the daemon as busy, address: [218699d2-a001-4860-9018-76e8eb1a5899 port:59892, addresses:[/0:0:0:0:0:0:0:1%lo0, /127.0.0.1]]
14:13:33.270 [DEBUG] [org.gradle.launcher.daemon.registry.PersistentDaemonRegistry] Marking busy by address: [218699d2-a001-4860-9018-76e8eb1a5899 port:59892, addresses:[/0:0:0:0:0:0:0:1%lo0, /127.0.0.1]]
14:13:33.271 [DEBUG] [org.gradle.cache.internal.DefaultFileLockManager] Waiting to acquire exclusive lock on daemon addresses registry.
14:13:33.271 [DEBUG] [org.gradle.cache.internal.DefaultFileLockManager] Lock acquired on daemon addresses registry.
14:13:33.272 [DEBUG] [org.gradle.cache.internal.DefaultFileLockManager] Releasing lock on daemon addresses registry.
14:13:33.272 [DEBUG] [org.gradle.launcher.daemon.server.DaemonStateCoordinator] resetting idle timer
14:13:33.272 [DEBUG] [org.gradle.launcher.daemon.server.DaemonStateCoordinator] daemon is running. Sleeping until state changes.
14:13:33.273 [INFO] [org.gradle.launcher.daemon.server.exec.StartBuildOrRespondWithBusy] Daemon is about to start building Build{id=98f6214a-a776-4a6e-a256-16baf67f63cb, currentDir=/Users/simranjit/Documents/wire}. Dispatching build started information...
14:13:33.273 [DEBUG] [org.gradle.launcher.daemon.server.SynchronizedDispatchConnection] thread 20: dispatching class org.gradle.launcher.daemon.protocol.BuildStarted
14:13:33.276 [DEBUG] [org.gradle.launcher.daemon.server.exec.EstablishBuildEnvironment] Configuring env variables: {PATH=/usr/bin:/bin:/usr/sbin:/sbin, __CFBundleIdentifier=com.jetbrains.intellij.ce, SHELL=/bin/bash, USER=simranjit, TMPDIR=/var/folders/jx/t69l2rr55ms4dv79_kwfj2m80000gn/T/, COMMAND_MODE=unix2003, SSH_AUTH_SOCK=/private/tmp/com.apple.launchd.MjZ4ldUFOq/Listeners, XPC_FLAGS=0x0, __CF_USER_TEXT_ENCODING=0x1F5:0x0:0x0, LOGNAME=simranjit, XPC_SERVICE_NAME=application.com.jetbrains.intellij.ce.6189447.6190226, HOME=/Users/simranjit}
14:13:33.277 [DEBUG] [org.gradle.launcher.daemon.server.SynchronizedDispatchConnection] thread 18: received class org.gradle.launcher.daemon.protocol.CloseInput
14:13:33.278 [DEBUG] [org.gradle.launcher.daemon.server.DefaultDaemonConnection] thread 18: Received IO message from client: org.gradle.launcher.daemon.protocol.CloseInput@30e0b829
14:13:33.282 [DEBUG] [org.gradle.launcher.daemon.server.exec.LogToClient] About to start relaying all logs to the client via the connection.
14:13:33.283 [INFO] [org.gradle.launcher.daemon.server.exec.LogToClient] The client will now receive all logging from the daemon (pid: 57000). The daemon log file: /Users/simranjit/Documents/wire/qa-code-challenge/daemon/5.2.1/daemon-57000.out.log
14:13:33.285 [INFO] [org.gradle.launcher.daemon.server.exec.LogAndCheckHealth] Starting build in new daemon [memory: 536,9 MB]
14:13:33.286 [INFO] [org.gradle.launcher.daemon.server.exec.ForwardClientInput] Closing daemon's stdin at end of input.
14:13:33.287 [INFO] [org.gradle.launcher.daemon.server.exec.ForwardClientInput] The daemon will no longer process any standard input.
14:13:33.292 [DEBUG] [org.gradle.launcher.daemon.server.exec.ExecuteBuild] The daemon has started executing the build.
14:13:33.292 [DEBUG] [org.gradle.launcher.daemon.server.exec.ExecuteBuild] Executing build with daemon context: DefaultDaemonContext[uid=ff7b0132-1d0b-40ae-bf77-0e7715ae47da,javaHome=/Applications/IntelliJ IDEA CE.app/Contents/jbr/Contents/Home,daemonRegistryDir=/Users/simranjit/Documents/wire/qa-code-challenge/daemon,pid=57000,idleTimeout=10800000,priority=NORMAL,daemonOpts=--add-opens,java.base/java.util=ALL-UNNAMED,--add-opens,java.base/java.lang=ALL-UNNAMED,--add-opens,java.base/java.lang.invoke=ALL-UNNAMED,--add-opens,java.prefs/java.util.prefs=ALL-UNNAMED,-XX:MaxMetaspaceSize=256m,-XX:+HeapDumpOnOutOfMemoryError,-Xmx512m,-Dfile.encoding=UTF-8,-Duser.country=DE,-Duser.language=en,-Duser.variant]

FAILURE: Build failed with an exception.

* Where:
Build file '/Users/simranjit/Documents/wire/build.gradle' line: 9

* What went wrong:
A problem occurred evaluating root project 'login'.
> Could not find method toolchain() for arguments [build_1iuunt9d4tkeqp0id3tqbmst8$_run_closure1$_closure5@4996ac34] on object of type org.gradle.api.plugins.internal.DefaultJavaPluginExtension.

* Try:
Run with --stacktrace option to get the stack trace. Run with --info or --debug option to get more log output. Run with --scan to get full insights.

* Get more help at https://help.gradle.org

CONFIGURE FAILED in 5s
14:13:36.114 [DEBUG] [org.gradle.launcher.daemon.server.exec.ExecuteBuild] The daemon has finished executing the build.
14:13:36.119 [DEBUG] [org.gradle.launcher.daemon.server.DaemonStateCoordinator] daemon is running. Sleeping until state changes.
14:13:36.119 [DEBUG] [org.gradle.launcher.daemon.server.DaemonStateCoordinator] Command execution: finished waiting for DaemonCommandExecution[command = Build{id=98f6214a-a776-4a6e-a256-16baf67f63cb, currentDir=/Users/simranjit/Documents/wire}, connection = DefaultDaemonConnection: socket connection from /127.0.0.1:59892 to /127.0.0.1:59894]. Result org.gradle.launcher.daemon.server.DaemonStateCoordinator@3c8a56 with state Busy
14:13:36.119 [DEBUG] [org.gradle.launcher.daemon.server.DaemonStateCoordinator] Command execution: completed DaemonCommandExecution[command = Build{id=98f6214a-a776-4a6e-a256-16baf67f63cb, currentDir=/Users/simranjit/Documents/wire}, connection = DefaultDaemonConnection: socket connection from /127.0.0.1:59892 to /127.0.0.1:59894]
14:13:36.119 [DEBUG] [org.gradle.launcher.daemon.server.DaemonStateCoordinator] resetting idle timer
14:13:36.120 [INFO] [org.gradle.launcher.daemon.server.DaemonRegistryUpdater] Marking the daemon as idle, address: [218699d2-a001-4860-9018-76e8eb1a5899 port:59892, addresses:[/0:0:0:0:0:0:0:1%lo0, /127.0.0.1]]
14:13:36.120 [DEBUG] [org.gradle.launcher.daemon.registry.PersistentDaemonRegistry] Marking busy by address: [218699d2-a001-4860-9018-76e8eb1a5899 port:59892, addresses:[/0:0:0:0:0:0:0:1%lo0, /127.0.0.1]]
14:13:36.120 [DEBUG] [org.gradle.cache.internal.DefaultFileLockManager] Waiting to acquire exclusive lock on daemon addresses registry.
14:13:36.120 [DEBUG] [org.gradle.cache.internal.DefaultFileLockManager] Lock acquired on daemon addresses registry.
14:13:36.121 [DEBUG] [org.gradle.cache.internal.DefaultFileLockManager] Releasing lock on daemon addresses registry.
14:13:36.121 [DEBUG] [org.gradle.launcher.daemon.server.DaemonStateCoordinator] daemon is running. Sleeping until state changes.
14:13:36.122 [DEBUG] [org.gradle.launcher.daemon.server.exec.ReturnResult] Daemon is dispatching the build result: Success[value=org.gradle.launcher.exec.BuildActionResult@3a8064ef]
14:13:36.122 [DEBUG] [org.gradle.launcher.daemon.server.SynchronizedDispatchConnection] thread 17: dispatching class org.gradle.launcher.daemon.protocol.Success
14:13:36.132 [DEBUG] [org.gradle.launcher.daemon.server.DefaultIncomingConnectionHandler] Finishing executing command: Build{id=98f6214a-a776-4a6e-a256-16baf67f63cb, currentDir=/Users/simranjit/Documents/wire}
14:13:36.142 [DEBUG] [org.gradle.launcher.daemon.server.SynchronizedDispatchConnection] thread 18: received class org.gradle.launcher.daemon.protocol.Finished
14:13:36.143 [DEBUG] [org.gradle.launcher.daemon.server.DefaultDaemonConnection] thread 18: Received non-IO message from client: org.gradle.launcher.daemon.protocol.Finished@5ee7c3b7
14:13:36.143 [DEBUG] [org.gradle.launcher.daemon.server.DefaultIncomingConnectionHandler] Received finished message: org.gradle.launcher.daemon.protocol.Finished@5ee7c3b7
14:13:36.143 [DEBUG] [org.gradle.launcher.daemon.server.SynchronizedDispatchConnection] thread 17: stopping connection
14:13:36.145 [DEBUG] [org.gradle.internal.remote.internal.inet.SocketConnection] Discarding EOFException: java.io.EOFException
14:13:36.145 [DEBUG] [org.gradle.launcher.daemon.server.SynchronizedDispatchConnection] thread 18: received null
14:13:36.145 [DEBUG] [org.gradle.launcher.daemon.server.DefaultDaemonConnection] thread 18: Received end-of-input from client.
14:13:36.148 [DEBUG] [org.gradle.launcher.daemon.server.SynchronizedDispatchConnection] thread 17: stopping connection
14:13:40.030 [DEBUG] [org.gradle.internal.remote.internal.inet.TcpIncomingConnector] Accepted connection from /127.0.0.1:59911 to /127.0.0.1:59892.
14:13:40.033 [DEBUG] [org.gradle.launcher.daemon.server.SynchronizedDispatchConnection] thread 32: received class org.gradle.launcher.daemon.protocol.Stop
14:13:40.033 [DEBUG] [org.gradle.launcher.daemon.server.DefaultDaemonConnection] thread 32: Received non-IO message from client: Stop[id=48b8ecab-5599-472b-81c8-be11fb5c05aa]
14:13:40.033 [INFO] [org.gradle.launcher.daemon.server.DefaultIncomingConnectionHandler] Received command: Stop[id=48b8ecab-5599-472b-81c8-be11fb5c05aa].
14:13:40.033 [DEBUG] [org.gradle.launcher.daemon.server.DefaultIncomingConnectionHandler] Starting executing command: Stop[id=48b8ecab-5599-472b-81c8-be11fb5c05aa] with connection: socket connection from /127.0.0.1:59892 to /127.0.0.1:59911.
14:13:40.033 [DEBUG] [org.gradle.launcher.daemon.server.DaemonRegistryUpdater] Storing daemon stop event: stop command received
14:13:40.033 [DEBUG] [org.gradle.launcher.daemon.registry.PersistentDaemonRegistry] Storing daemon stop event with timestamp 1741164220034
14:13:40.034 [DEBUG] [org.gradle.cache.internal.DefaultFileLockManager] Waiting to acquire exclusive lock on daemon addresses registry.
14:13:40.034 [DEBUG] [org.gradle.cache.internal.DefaultFileLockManager] Lock acquired on daemon addresses registry.
14:13:40.035 [DEBUG] [org.gradle.cache.internal.DefaultFileLockManager] Releasing lock on daemon addresses registry.
14:13:40.035 [LIFECYCLE] [org.gradle.launcher.daemon.server.DaemonStateCoordinator] Daemon is stopping immediately stop command received
14:13:40.035 [DEBUG] [org.gradle.launcher.daemon.server.DaemonStateCoordinator] Marking daemon stopped due to stop command received. The daemon is running a build: false
14:13:40.035 [DEBUG] [org.gradle.launcher.daemon.server.SynchronizedDispatchConnection] thread 17: dispatching class org.gradle.launcher.daemon.protocol.Success
14:13:40.035 [DEBUG] [org.gradle.launcher.daemon.server.DaemonStateCoordinator] daemon has stopped.
14:13:40.035 [DEBUG] [org.gradle.launcher.daemon.server.Daemon] stop() called on daemon
14:13:40.035 [DEBUG] [org.gradle.launcher.daemon.server.DefaultIncomingConnectionHandler] Finishing executing command: Stop[id=48b8ecab-5599-472b-81c8-be11fb5c05aa]
14:13:40.036 [DEBUG] [org.gradle.launcher.daemon.server.SynchronizedDispatchConnection] thread 32: received class org.gradle.launcher.daemon.protocol.Finished
14:13:40.036 [DEBUG] [org.gradle.launcher.daemon.server.DefaultDaemonConnection] thread 32: Received non-IO message from client: org.gradle.launcher.daemon.protocol.Finished@9f533bd
14:13:40.035 [INFO] [org.gradle.launcher.daemon.server.Daemon] Stop requested. Daemon is removing its presence from the registry...
14:13:40.036 [DEBUG] [org.gradle.internal.remote.internal.inet.SocketConnection] Discarding EOFException: java.io.EOFException
14:13:40.036 [DEBUG] [org.gradle.launcher.daemon.server.SynchronizedDispatchConnection] thread 32: received null
14:13:40.036 [DEBUG] [org.gradle.launcher.daemon.server.DefaultIncomingConnectionHandler] Received finished message: org.gradle.launcher.daemon.protocol.Finished@9f533bd
14:13:40.037 [DEBUG] [org.gradle.launcher.daemon.server.DefaultDaemonConnection] thread 32: Received end-of-input from client.
14:13:40.036 [DEBUG] [org.gradle.launcher.daemon.server.DaemonRegistryUpdater] Removing our presence to clients, eg. removing this address from the registry: [218699d2-a001-4860-9018-76e8eb1a5899 port:59892, addresses:[/0:0:0:0:0:0:0:1%lo0, /127.0.0.1]]
14:13:40.037 [DEBUG] [org.gradle.launcher.daemon.server.SynchronizedDispatchConnection] thread 17: stopping connection
14:13:40.037 [DEBUG] [org.gradle.launcher.daemon.registry.PersistentDaemonRegistry] Removing daemon address: [218699d2-a001-4860-9018-76e8eb1a5899 port:59892, addresses:[/0:0:0:0:0:0:0:1%lo0, /127.0.0.1]]
14:13:40.038 [DEBUG] [org.gradle.launcher.daemon.server.SynchronizedDispatchConnection] thread 17: stopping connection
14:13:40.039 [DEBUG] [org.gradle.cache.internal.DefaultFileLockManager] Waiting to acquire exclusive lock on daemon addresses registry.
14:13:40.039 [DEBUG] [org.gradle.cache.internal.DefaultFileLockManager] Lock acquired on daemon addresses registry.
14:13:40.039 [DEBUG] [org.gradle.cache.internal.DefaultFileLockManager] Releasing lock on daemon addresses registry.
14:13:40.040 [DEBUG] [org.gradle.launcher.daemon.server.DaemonRegistryUpdater] Address removed from registry.
14:13:40.042 [DEBUG] [org.gradle.cache.internal.LockOnDemandCrossProcessCacheAccess] Releasing file lock for jars (/Users/simranjit/Documents/wire/qa-code-challenge/caches/jars-3)
14:13:40.043 [DEBUG] [org.gradle.cache.internal.DefaultFileLockManager] Releasing lock on jars (/Users/simranjit/Documents/wire/qa-code-challenge/caches/jars-3).
14:13:40.043 [DEBUG] [org.gradle.cache.internal.DefaultPersistentDirectoryStore] jars (/Users/simranjit/Documents/wire/qa-code-challenge/caches/jars-3) has last been fully cleaned up 17 hours ago
14:13:40.049 [DEBUG] [org.gradle.cache.internal.LockOnDemandCrossProcessCacheAccess] Releasing file lock for file hash cache (/Users/simranjit/Documents/wire/qa-code-challenge/caches/5.2.1/fileHashes)
14:13:40.050 [DEBUG] [org.gradle.cache.internal.btree.BTreePersistentIndexedCache] Closing cache fileHashes.bin (/Users/simranjit/Documents/wire/qa-code-challenge/caches/5.2.1/fileHashes/fileHashes.bin)
14:13:40.050 [DEBUG] [org.gradle.cache.internal.btree.BTreePersistentIndexedCache] Closing cache resourceHashesCache.bin (/Users/simranjit/Documents/wire/qa-code-challenge/caches/5.2.1/fileHashes/resourceHashesCache.bin)
14:13:40.051 [DEBUG] [org.gradle.cache.internal.DefaultFileLockManager] Releasing lock on file hash cache (/Users/simranjit/Documents/wire/qa-code-challenge/caches/5.2.1/fileHashes).
14:13:40.051 [DEBUG] [org.gradle.cache.internal.DefaultCacheAccess] Cache Generated Gradle JARs cache (/Users/simranjit/Documents/wire/qa-code-challenge/caches/5.2.1/generated-gradle-jars) was closed 0 times.
14:13:40.052 [DEBUG] [org.gradle.cache.internal.DefaultPersistentDirectoryStore] artifact cache (/Users/simranjit/Documents/wire/qa-code-challenge/caches/modules-2) has last been fully cleaned up 17 hours ago
14:13:40.052 [DEBUG] [org.gradle.cache.internal.DefaultCacheAccess] Cache artifact cache (/Users/simranjit/Documents/wire/qa-code-challenge/caches/modules-2) was closed 0 times.
14:13:40.052 [DEBUG] [org.gradle.cache.internal.DefaultPersistentDirectoryStore] Artifact transforms cache (/Users/simranjit/Documents/wire/qa-code-challenge/caches/transforms-2) has last been fully cleaned up 17 hours ago
14:13:40.052 [DEBUG] [org.gradle.cache.internal.DefaultCacheAccess] Cache Artifact transforms cache (/Users/simranjit/Documents/wire/qa-code-challenge/caches/transforms-2) was closed 0 times.
14:13:40.053 [DEBUG] [org.gradle.cache.internal.LockOnDemandCrossProcessCacheAccess] Releasing file lock for journal cache (/Users/simranjit/Documents/wire/qa-code-challenge/caches/journal-1)
14:13:40.053 [DEBUG] [org.gradle.cache.internal.btree.BTreePersistentIndexedCache] Closing cache file-access.bin (/Users/simranjit/Documents/wire/qa-code-challenge/caches/journal-1/file-access.bin)
14:13:40.053 [DEBUG] [org.gradle.cache.internal.DefaultFileLockManager] Releasing lock on journal cache (/Users/simranjit/Documents/wire/qa-code-challenge/caches/journal-1).
14:13:40.054 [DEBUG] [org.gradle.cache.internal.LockOnDemandCrossProcessCacheAccess] Releasing file lock for execution history cache (/Users/simranjit/Documents/wire/qa-code-challenge/caches/5.2.1/executionHistory)
14:13:40.054 [DEBUG] [org.gradle.cache.internal.DefaultFileLockManager] Releasing lock on execution history cache (/Users/simranjit/Documents/wire/qa-code-challenge/caches/5.2.1/executionHistory).
Daemon vm is shutting down... The daemon has exited normally or was terminated in response to a user interrupt.
14:13:40.056 [DEBUG] [org.gradle.launcher.daemon.registry.PersistentDaemonRegistry] Removing daemon address: [218699d2-a001-4860-9018-76e8eb1a5899 port:59892, addresses:[/0:0:0:0:0:0:0:1%lo0, /127.0.0.1]]
14:13:40.057 [DEBUG] [org.gradle.cache.internal.DefaultFileLockManager] Waiting to acquire exclusive lock on daemon addresses registry.
14:13:40.057 [DEBUG] [org.gradle.cache.internal.DefaultFileLockManager] Lock acquired on daemon addresses registry.
14:13:40.058 [DEBUG] [org.gradle.cache.internal.DefaultFileLockManager] Releasing lock on daemon addresses registry.
