14:12:58.090 [DEBUG] [org.gradle.launcher.daemon.bootstrap.DaemonMain] Assuming the daemon was started with following jvm opts: [--add-opens, java.base/java.util=ALL-UNNAMED, --add-opens, java.base/java.lang=ALL-UNNAMED, --add-opens, java.base/java.lang.invoke=ALL-UNNAMED, --add-opens, java.prefs/java.util.prefs=ALL-UNNAMED, -XX:MaxMetaspaceSize=256m, -XX:+HeapDumpOnOutOfMemoryError, -Xmx512m, -Dfile.encoding=UTF-8, -Duser.country=DE, -Duser.language=en, -Duser.variant]
14:12:58.151 [INFO] [org.gradle.launcher.daemon.server.health.gc.GarbageCollectionMonitor] Unable to determine a garbage collection monitoring strategy for JVMStrategy{JetBrains s.r.o version 11.0.3}
14:12:58.196 [INFO] [org.gradle.launcher.daemon.server.Daemon] start() called on daemon - DefaultDaemonContext[uid=e7b47d66-e517-4eb4-aa5d-7046cb5d627f,javaHome=/Applications/IntelliJ IDEA CE.app/Contents/jbr/Contents/Home,daemonRegistryDir=/Users/simranjit/Documents/wire/qa-code-challenge/daemon,pid=56961,idleTimeout=10800000,priority=NORMAL,daemonOpts=--add-opens,java.base/java.util=ALL-UNNAMED,--add-opens,java.base/java.lang=ALL-UNNAMED,--add-opens,java.base/java.lang.invoke=ALL-UNNAMED,--add-opens,java.prefs/java.util.prefs=ALL-UNNAMED,-XX:MaxMetaspaceSize=256m,-XX:+HeapDumpOnOutOfMemoryError,-Xmx512m,-Dfile.encoding=UTF-8,-Duser.country=DE,-Duser.language=en,-Duser.variant]
14:12:58.226 [DEBUG] [org.gradle.internal.remote.internal.inet.InetAddresses] Adding IP addresses for network interface utun3
14:12:58.226 [DEBUG] [org.gradle.internal.remote.internal.inet.InetAddresses] Is this a loopback interface? false
14:12:58.227 [DEBUG] [org.gradle.internal.remote.internal.inet.InetAddresses] Adding remote address /fe80:0:0:0:ce81:b1c:bd2c:69e%utun3
14:12:58.227 [DEBUG] [org.gradle.internal.remote.internal.inet.InetAddresses] Adding IP addresses for network interface utun2
14:12:58.229 [DEBUG] [org.gradle.internal.remote.internal.inet.InetAddresses] Is this a loopback interface? false
14:12:58.229 [DEBUG] [org.gradle.internal.remote.internal.inet.InetAddresses] Adding remote address /fe80:0:0:0:749:fae8:d87c:8fe0%utun2
14:12:58.229 [DEBUG] [org.gradle.internal.remote.internal.inet.InetAddresses] Adding IP addresses for network interface utun1
14:12:58.229 [DEBUG] [org.gradle.internal.remote.internal.inet.InetAddresses] Is this a loopback interface? false
14:12:58.229 [DEBUG] [org.gradle.internal.remote.internal.inet.InetAddresses] Adding remote address /fe80:0:0:0:2ca8:6fa8:1d8f:7c93%utun1
14:12:58.230 [DEBUG] [org.gradle.internal.remote.internal.inet.InetAddresses] Adding IP addresses for network interface utun0
14:12:58.230 [DEBUG] [org.gradle.internal.remote.internal.inet.InetAddresses] Is this a loopback interface? false
14:12:58.230 [DEBUG] [org.gradle.internal.remote.internal.inet.InetAddresses] Adding remote address /fe80:0:0:0:9d6d:5995:c830:3afa%utun0
14:12:58.230 [DEBUG] [org.gradle.internal.remote.internal.inet.InetAddresses] Adding IP addresses for network interface llw0
14:12:58.230 [DEBUG] [org.gradle.internal.remote.internal.inet.InetAddresses] Is this a loopback interface? false
14:12:58.230 [DEBUG] [org.gradle.internal.remote.internal.inet.InetAddresses] Adding remote address /fe80:0:0:0:74f8:f5ff:fedd:a009%llw0
14:12:58.231 [DEBUG] [org.gradle.internal.remote.internal.inet.InetAddresses] Adding IP addresses for network interface awdl0
14:12:58.231 [DEBUG] [org.gradle.internal.remote.internal.inet.InetAddresses] Is this a loopback interface? false
14:12:58.231 [DEBUG] [org.gradle.internal.remote.internal.inet.InetAddresses] Adding remote address /fe80:0:0:0:74f8:f5ff:fedd:a009%awdl0
14:12:58.231 [DEBUG] [org.gradle.internal.remote.internal.inet.InetAddresses] Adding IP addresses for network interface ap1
14:12:58.231 [DEBUG] [org.gradle.internal.remote.internal.inet.InetAddresses] Is this a loopback interface? false
14:12:58.231 [DEBUG] [org.gradle.internal.remote.internal.inet.InetAddresses] Adding remote address /fe80:0:0:0:487:84ff:fe20:d05%ap1
14:12:58.232 [DEBUG] [org.gradle.internal.remote.internal.inet.InetAddresses] Adding IP addresses for network interface en5
14:12:58.232 [DEBUG] [org.gradle.internal.remote.internal.inet.InetAddresses] Is this a loopback interface? false
14:12:58.232 [DEBUG] [org.gradle.internal.remote.internal.inet.InetAddresses] Adding remote address /fe80:0:0:0:aede:48ff:fe00:1122%en5
14:12:58.232 [DEBUG] [org.gradle.internal.remote.internal.inet.InetAddresses] Adding IP addresses for network interface en0
14:12:58.232 [DEBUG] [org.gradle.internal.remote.internal.inet.InetAddresses] Is this a loopback interface? false
14:12:58.232 [DEBUG] [org.gradle.internal.remote.internal.inet.InetAddresses] Adding remote address /2401:4900:8838:87e6:ec42:7649:97ff:1ad4%en0
14:12:58.232 [DEBUG] [org.gradle.internal.remote.internal.inet.InetAddresses] Adding remote address /2401:4900:8838:87e6:c37:7a3a:8c0b:3b18%en0
14:12:58.233 [DEBUG] [org.gradle.internal.remote.internal.inet.InetAddresses] Adding remote address /fe80:0:0:0:1004:2066:c40e:b60f%en0
14:12:58.233 [DEBUG] [org.gradle.internal.remote.internal.inet.InetAddresses] Adding remote address /192.168.1.11
14:12:58.233 [DEBUG] [org.gradle.internal.remote.internal.inet.InetAddresses] Adding IP addresses for network interface lo0
14:12:58.233 [DEBUG] [org.gradle.internal.remote.internal.inet.InetAddresses] Is this a loopback interface? true
14:12:58.233 [DEBUG] [org.gradle.internal.remote.internal.inet.InetAddresses] Ignoring remote address on loopback interface /fe80:0:0:0:0:0:0:1%lo0
14:12:58.233 [DEBUG] [org.gradle.internal.remote.internal.inet.InetAddresses] Adding loopback address /0:0:0:0:0:0:0:1%lo0
14:12:58.234 [DEBUG] [org.gradle.internal.remote.internal.inet.InetAddresses] Adding loopback address /127.0.0.1
14:12:58.237 [DEBUG] [org.gradle.internal.remote.internal.inet.TcpIncomingConnector] Listening on [4ac26cf0-07e7-442e-8fe3-1e593a1f44bf port:59807, addresses:[/0:0:0:0:0:0:0:1%lo0, /127.0.0.1]].
14:12:58.245 [DEBUG] [org.gradle.launcher.daemon.server.Daemon] Daemon starting at: Wed Mar 05 14:12:58 IST 2025, with address: [4ac26cf0-07e7-442e-8fe3-1e593a1f44bf port:59807, addresses:[/0:0:0:0:0:0:0:1%lo0, /127.0.0.1]]
14:12:58.245 [INFO] [org.gradle.launcher.daemon.server.DaemonRegistryUpdater] Advertising the daemon address to the clients: [4ac26cf0-07e7-442e-8fe3-1e593a1f44bf port:59807, addresses:[/0:0:0:0:0:0:0:1%lo0, /127.0.0.1]]
14:12:58.245 [DEBUG] [org.gradle.launcher.daemon.server.DaemonRegistryUpdater] Advertised daemon context: DefaultDaemonContext[uid=e7b47d66-e517-4eb4-aa5d-7046cb5d627f,javaHome=/Applications/IntelliJ IDEA CE.app/Contents/jbr/Contents/Home,daemonRegistryDir=/Users/simranjit/Documents/wire/qa-code-challenge/daemon,pid=56961,idleTimeout=10800000,priority=NORMAL,daemonOpts=--add-opens,java.base/java.util=ALL-UNNAMED,--add-opens,java.base/java.lang=ALL-UNNAMED,--add-opens,java.base/java.lang.invoke=ALL-UNNAMED,--add-opens,java.prefs/java.util.prefs=ALL-UNNAMED,-XX:MaxMetaspaceSize=256m,-XX:+HeapDumpOnOutOfMemoryError,-Xmx512m,-Dfile.encoding=UTF-8,-Duser.country=DE,-Duser.language=en,-Duser.variant]
14:12:58.246 [DEBUG] [org.gradle.launcher.daemon.registry.PersistentDaemonRegistry] Storing daemon address: [4ac26cf0-07e7-442e-8fe3-1e593a1f44bf port:59807, addresses:[/0:0:0:0:0:0:0:1%lo0, /127.0.0.1]], context: DefaultDaemonContext[uid=e7b47d66-e517-4eb4-aa5d-7046cb5d627f,javaHome=/Applications/IntelliJ IDEA CE.app/Contents/jbr/Contents/Home,daemonRegistryDir=/Users/simranjit/Documents/wire/qa-code-challenge/daemon,pid=56961,idleTimeout=10800000,priority=NORMAL,daemonOpts=--add-opens,java.base/java.util=ALL-UNNAMED,--add-opens,java.base/java.lang=ALL-UNNAMED,--add-opens,java.base/java.lang.invoke=ALL-UNNAMED,--add-opens,java.prefs/java.util.prefs=ALL-UNNAMED,-XX:MaxMetaspaceSize=256m,-XX:+HeapDumpOnOutOfMemoryError,-Xmx512m,-Dfile.encoding=UTF-8,-Duser.country=DE,-Duser.language=en,-Duser.variant]
14:12:58.253 [DEBUG] [org.gradle.cache.internal.DefaultFileLockManager] Waiting to acquire exclusive lock on daemon addresses registry.
14:12:58.255 [DEBUG] [org.gradle.cache.internal.DefaultFileLockManager] Lock acquired on daemon addresses registry.
14:12:58.258 [DEBUG] [org.gradle.cache.internal.DefaultFileLockManager] Releasing lock on daemon addresses registry.
14:12:58.259 [LIFECYCLE] [org.gradle.launcher.daemon.server.Daemon] Daemon server started.
14:12:58.259 [DEBUG] [org.gradle.launcher.daemon.bootstrap.DaemonStartupCommunication] Completed writing the daemon greeting. Closing streams...
14:12:58.262 [DEBUG] [org.gradle.launcher.daemon.server.Daemon] stopOnExpiration() called on daemon
14:12:58.264 [DEBUG] [org.gradle.launcher.daemon.server.Daemon] awaitExpiration() called on daemon
14:12:58.264 [DEBUG] [org.gradle.launcher.daemon.server.DaemonStateCoordinator] daemon is running. Sleeping until state changes.
14:12:58.271 [DEBUG] [org.gradle.internal.remote.internal.inet.TcpIncomingConnector] Accepted connection from /127.0.0.1:59808 to /127.0.0.1:59807.
14:12:58.342 [DEBUG] [org.gradle.launcher.daemon.server.SynchronizedDispatchConnection] thread 18: received class org.gradle.launcher.daemon.protocol.Build
14:12:58.342 [DEBUG] [org.gradle.launcher.daemon.server.DefaultDaemonConnection] thread 18: Received non-IO message from client: Build{id=170bf0f8-efa8-445c-85b0-74ff1d8da340, currentDir=/Users/simranjit/Documents/wire}
14:12:58.342 [INFO] [org.gradle.launcher.daemon.server.DefaultIncomingConnectionHandler] Received command: Build{id=170bf0f8-efa8-445c-85b0-74ff1d8da340, currentDir=/Users/simranjit/Documents/wire}.
14:12:58.342 [DEBUG] [org.gradle.launcher.daemon.server.DefaultIncomingConnectionHandler] Starting executing command: Build{id=170bf0f8-efa8-445c-85b0-74ff1d8da340, currentDir=/Users/simranjit/Documents/wire} with connection: socket connection from /127.0.0.1:59807 to /127.0.0.1:59808.
14:12:58.344 [ERROR] [org.gradle.launcher.daemon.server.DaemonStateCoordinator] Command execution: started DaemonCommandExecution[command = Build{id=170bf0f8-efa8-445c-85b0-74ff1d8da340, currentDir=/Users/simranjit/Documents/wire}, connection = DefaultDaemonConnection: socket connection from /127.0.0.1:59807 to /127.0.0.1:59808] after 0.0 minutes of idle
14:12:58.345 [INFO] [org.gradle.launcher.daemon.server.DaemonRegistryUpdater] Marking the daemon as busy, address: [4ac26cf0-07e7-442e-8fe3-1e593a1f44bf port:59807, addresses:[/0:0:0:0:0:0:0:1%lo0, /127.0.0.1]]
14:12:58.345 [DEBUG] [org.gradle.launcher.daemon.registry.PersistentDaemonRegistry] Marking busy by address: [4ac26cf0-07e7-442e-8fe3-1e593a1f44bf port:59807, addresses:[/0:0:0:0:0:0:0:1%lo0, /127.0.0.1]]
14:12:58.345 [DEBUG] [org.gradle.cache.internal.DefaultFileLockManager] Waiting to acquire exclusive lock on daemon addresses registry.
14:12:58.346 [DEBUG] [org.gradle.cache.internal.DefaultFileLockManager] Lock acquired on daemon addresses registry.
14:12:58.347 [DEBUG] [org.gradle.cache.internal.DefaultFileLockManager] Releasing lock on daemon addresses registry.
14:12:58.347 [DEBUG] [org.gradle.launcher.daemon.server.DaemonStateCoordinator] resetting idle timer
14:12:58.347 [DEBUG] [org.gradle.launcher.daemon.server.DaemonStateCoordinator] daemon is running. Sleeping until state changes.
14:12:58.347 [INFO] [org.gradle.launcher.daemon.server.exec.StartBuildOrRespondWithBusy] Daemon is about to start building Build{id=170bf0f8-efa8-445c-85b0-74ff1d8da340, currentDir=/Users/simranjit/Documents/wire}. Dispatching build started information...
14:12:58.348 [DEBUG] [org.gradle.launcher.daemon.server.SynchronizedDispatchConnection] thread 20: dispatching class org.gradle.launcher.daemon.protocol.BuildStarted
14:12:58.350 [DEBUG] [org.gradle.launcher.daemon.server.exec.EstablishBuildEnvironment] Configuring env variables: {PATH=/usr/bin:/bin:/usr/sbin:/sbin, __CFBundleIdentifier=com.jetbrains.intellij.ce, SHELL=/bin/bash, USER=simranjit, TMPDIR=/var/folders/jx/t69l2rr55ms4dv79_kwfj2m80000gn/T/, COMMAND_MODE=unix2003, SSH_AUTH_SOCK=/private/tmp/com.apple.launchd.MjZ4ldUFOq/Listeners, XPC_FLAGS=0x0, __CF_USER_TEXT_ENCODING=0x1F5:0x0:0x0, LOGNAME=simranjit, XPC_SERVICE_NAME=application.com.jetbrains.intellij.ce.6189447.6190226, HOME=/Users/simranjit}
14:12:58.351 [DEBUG] [org.gradle.launcher.daemon.server.SynchronizedDispatchConnection] thread 18: received class org.gradle.launcher.daemon.protocol.CloseInput
14:12:58.352 [DEBUG] [org.gradle.launcher.daemon.server.DefaultDaemonConnection] thread 18: Received IO message from client: org.gradle.launcher.daemon.protocol.CloseInput@2c9db1fc
14:12:58.355 [DEBUG] [org.gradle.launcher.daemon.server.exec.LogToClient] About to start relaying all logs to the client via the connection.
14:12:58.356 [INFO] [org.gradle.launcher.daemon.server.exec.LogToClient] The client will now receive all logging from the daemon (pid: 56961). The daemon log file: /Users/simranjit/Documents/wire/qa-code-challenge/daemon/5.2.1/daemon-56961.out.log
14:12:58.358 [INFO] [org.gradle.launcher.daemon.server.exec.LogAndCheckHealth] Starting build in new daemon [memory: 536,9 MB]
14:12:58.359 [INFO] [org.gradle.launcher.daemon.server.exec.ForwardClientInput] Closing daemon's stdin at end of input.
14:12:58.359 [INFO] [org.gradle.launcher.daemon.server.exec.ForwardClientInput] The daemon will no longer process any standard input.
14:12:58.364 [DEBUG] [org.gradle.launcher.daemon.server.exec.ExecuteBuild] The daemon has started executing the build.
14:12:58.364 [DEBUG] [org.gradle.launcher.daemon.server.exec.ExecuteBuild] Executing build with daemon context: DefaultDaemonContext[uid=e7b47d66-e517-4eb4-aa5d-7046cb5d627f,javaHome=/Applications/IntelliJ IDEA CE.app/Contents/jbr/Contents/Home,daemonRegistryDir=/Users/simranjit/Documents/wire/qa-code-challenge/daemon,pid=56961,idleTimeout=10800000,priority=NORMAL,daemonOpts=--add-opens,java.base/java.util=ALL-UNNAMED,--add-opens,java.base/java.lang=ALL-UNNAMED,--add-opens,java.base/java.lang.invoke=ALL-UNNAMED,--add-opens,java.prefs/java.util.prefs=ALL-UNNAMED,-XX:MaxMetaspaceSize=256m,-XX:+HeapDumpOnOutOfMemoryError,-Xmx512m,-Dfile.encoding=UTF-8,-Duser.country=DE,-Duser.language=en,-Duser.variant]

FAILURE: Build failed with an exception.

* Where:
Build file '/Users/simranjit/Documents/wire/build.gradle' line: 9

* What went wrong:
A problem occurred evaluating root project 'login'.
> Could not find method toolchain() for arguments [build_1iuunt9d4tkeqp0id3tqbmst8$_run_closure1$_closure5@2ffa5bd0] on object of type org.gradle.api.plugins.internal.DefaultJavaPluginExtension.

* Try:
Run with --stacktrace option to get the stack trace. Run with --info or --debug option to get more log output. Run with --scan to get full insights.

* Get more help at https://help.gradle.org

CONFIGURE FAILED in 4s
14:13:00.781 [DEBUG] [org.gradle.launcher.daemon.server.exec.ExecuteBuild] The daemon has finished executing the build.
14:13:00.795 [DEBUG] [org.gradle.launcher.daemon.server.DaemonStateCoordinator] daemon is running. Sleeping until state changes.
14:13:00.796 [DEBUG] [org.gradle.launcher.daemon.server.DaemonStateCoordinator] Command execution: finished waiting for DaemonCommandExecution[command = Build{id=170bf0f8-efa8-445c-85b0-74ff1d8da340, currentDir=/Users/simranjit/Documents/wire}, connection = DefaultDaemonConnection: socket connection from /127.0.0.1:59807 to /127.0.0.1:59808]. Result org.gradle.launcher.daemon.server.DaemonStateCoordinator@7ad03077 with state Busy
14:13:00.796 [DEBUG] [org.gradle.launcher.daemon.server.DaemonStateCoordinator] Command execution: completed DaemonCommandExecution[command = Build{id=170bf0f8-efa8-445c-85b0-74ff1d8da340, currentDir=/Users/simranjit/Documents/wire}, connection = DefaultDaemonConnection: socket connection from /127.0.0.1:59807 to /127.0.0.1:59808]
14:13:00.796 [DEBUG] [org.gradle.launcher.daemon.server.DaemonStateCoordinator] resetting idle timer
14:13:00.796 [INFO] [org.gradle.launcher.daemon.server.DaemonRegistryUpdater] Marking the daemon as idle, address: [4ac26cf0-07e7-442e-8fe3-1e593a1f44bf port:59807, addresses:[/0:0:0:0:0:0:0:1%lo0, /127.0.0.1]]
14:13:00.796 [DEBUG] [org.gradle.launcher.daemon.registry.PersistentDaemonRegistry] Marking busy by address: [4ac26cf0-07e7-442e-8fe3-1e593a1f44bf port:59807, addresses:[/0:0:0:0:0:0:0:1%lo0, /127.0.0.1]]
14:13:00.797 [DEBUG] [org.gradle.cache.internal.DefaultFileLockManager] Waiting to acquire exclusive lock on daemon addresses registry.
14:13:00.797 [DEBUG] [org.gradle.cache.internal.DefaultFileLockManager] Lock acquired on daemon addresses registry.
14:13:00.798 [DEBUG] [org.gradle.cache.internal.DefaultFileLockManager] Releasing lock on daemon addresses registry.
14:13:00.798 [DEBUG] [org.gradle.launcher.daemon.server.DaemonStateCoordinator] daemon is running. Sleeping until state changes.
14:13:00.798 [DEBUG] [org.gradle.launcher.daemon.server.exec.ReturnResult] Daemon is dispatching the build result: Success[value=org.gradle.launcher.exec.BuildActionResult@210e4b9d]
14:13:00.798 [DEBUG] [org.gradle.launcher.daemon.server.SynchronizedDispatchConnection] thread 17: dispatching class org.gradle.launcher.daemon.protocol.Success
14:13:00.806 [DEBUG] [org.gradle.launcher.daemon.server.DefaultIncomingConnectionHandler] Finishing executing command: Build{id=170bf0f8-efa8-445c-85b0-74ff1d8da340, currentDir=/Users/simranjit/Documents/wire}
14:13:00.817 [DEBUG] [org.gradle.launcher.daemon.server.SynchronizedDispatchConnection] thread 18: received class org.gradle.launcher.daemon.protocol.Finished
14:13:00.817 [DEBUG] [org.gradle.launcher.daemon.server.DefaultDaemonConnection] thread 18: Received non-IO message from client: org.gradle.launcher.daemon.protocol.Finished@39b07cf7
14:13:00.817 [DEBUG] [org.gradle.launcher.daemon.server.DefaultIncomingConnectionHandler] Received finished message: org.gradle.launcher.daemon.protocol.Finished@39b07cf7
14:13:00.818 [DEBUG] [org.gradle.launcher.daemon.server.SynchronizedDispatchConnection] thread 17: stopping connection
14:13:00.820 [DEBUG] [org.gradle.internal.remote.internal.inet.SocketConnection] Discarding EOFException: java.io.EOFException
14:13:00.820 [DEBUG] [org.gradle.launcher.daemon.server.SynchronizedDispatchConnection] thread 18: received null
14:13:00.821 [DEBUG] [org.gradle.launcher.daemon.server.DefaultDaemonConnection] thread 18: Received end-of-input from client.
14:13:00.822 [DEBUG] [org.gradle.launcher.daemon.server.SynchronizedDispatchConnection] thread 17: stopping connection
14:13:08.270 [DEBUG] [org.gradle.launcher.daemon.server.Daemon] DaemonExpirationPeriodicCheck running
14:13:08.271 [DEBUG] [org.gradle.cache.internal.DefaultFileLockManager] Waiting to acquire shared lock on daemon addresses registry.
14:13:08.271 [DEBUG] [org.gradle.cache.internal.DefaultFileLockManager] Lock acquired on daemon addresses registry.
14:13:08.271 [DEBUG] [org.gradle.cache.internal.DefaultFileLockManager] Releasing lock on daemon addresses registry.
14:13:08.272 [DEBUG] [org.gradle.cache.internal.DefaultFileLockManager] Waiting to acquire shared lock on daemon addresses registry.
14:13:08.272 [DEBUG] [org.gradle.cache.internal.DefaultFileLockManager] Lock acquired on daemon addresses registry.
14:13:08.272 [DEBUG] [org.gradle.cache.internal.DefaultFileLockManager] Releasing lock on daemon addresses registry.
14:13:18.269 [DEBUG] [org.gradle.launcher.daemon.server.Daemon] DaemonExpirationPeriodicCheck running
14:13:18.270 [DEBUG] [org.gradle.cache.internal.DefaultFileLockManager] Waiting to acquire shared lock on daemon addresses registry.
14:13:18.270 [DEBUG] [org.gradle.cache.internal.DefaultFileLockManager] Lock acquired on daemon addresses registry.
14:13:18.270 [DEBUG] [org.gradle.cache.internal.DefaultFileLockManager] Releasing lock on daemon addresses registry.
14:13:18.271 [DEBUG] [org.gradle.cache.internal.DefaultFileLockManager] Waiting to acquire shared lock on daemon addresses registry.
14:13:18.271 [DEBUG] [org.gradle.cache.internal.DefaultFileLockManager] Lock acquired on daemon addresses registry.
14:13:18.271 [DEBUG] [org.gradle.cache.internal.DefaultFileLockManager] Releasing lock on daemon addresses registry.
14:13:18.272 [DEBUG] [org.gradle.cache.internal.DefaultFileLockManager] Waiting to acquire shared lock on daemon addresses registry.
14:13:18.272 [DEBUG] [org.gradle.cache.internal.DefaultFileLockManager] Lock acquired on daemon addresses registry.
14:13:18.273 [DEBUG] [org.gradle.cache.internal.DefaultFileLockManager] Releasing lock on daemon addresses registry.
14:13:19.557 [DEBUG] [org.gradle.internal.remote.internal.inet.TcpIncomingConnector] Accepted connection from /127.0.0.1:59883 to /127.0.0.1:59807.
14:13:19.560 [DEBUG] [org.gradle.launcher.daemon.server.SynchronizedDispatchConnection] thread 32: received class org.gradle.launcher.daemon.protocol.Stop
14:13:19.561 [DEBUG] [org.gradle.launcher.daemon.server.DefaultDaemonConnection] thread 32: Received non-IO message from client: Stop[id=43ce7d9b-6fbb-4ff3-bd6a-cbb53e013cc0]
14:13:19.561 [INFO] [org.gradle.launcher.daemon.server.DefaultIncomingConnectionHandler] Received command: Stop[id=43ce7d9b-6fbb-4ff3-bd6a-cbb53e013cc0].
14:13:19.561 [DEBUG] [org.gradle.launcher.daemon.server.DefaultIncomingConnectionHandler] Starting executing command: Stop[id=43ce7d9b-6fbb-4ff3-bd6a-cbb53e013cc0] with connection: socket connection from /127.0.0.1:59807 to /127.0.0.1:59883.
14:13:19.561 [DEBUG] [org.gradle.launcher.daemon.server.DaemonRegistryUpdater] Storing daemon stop event: stop command received
14:13:19.561 [DEBUG] [org.gradle.launcher.daemon.registry.PersistentDaemonRegistry] Storing daemon stop event with timestamp 1741164199561
14:13:19.561 [DEBUG] [org.gradle.cache.internal.DefaultFileLockManager] Waiting to acquire exclusive lock on daemon addresses registry.
14:13:19.562 [DEBUG] [org.gradle.cache.internal.DefaultFileLockManager] Lock acquired on daemon addresses registry.
14:13:19.562 [DEBUG] [org.gradle.cache.internal.DefaultFileLockManager] Releasing lock on daemon addresses registry.
14:13:19.563 [LIFECYCLE] [org.gradle.launcher.daemon.server.DaemonStateCoordinator] Daemon is stopping immediately stop command received
14:13:19.563 [DEBUG] [org.gradle.launcher.daemon.server.DaemonStateCoordinator] Marking daemon stopped due to stop command received. The daemon is running a build: false
14:13:19.563 [DEBUG] [org.gradle.launcher.daemon.server.DaemonStateCoordinator] daemon has stopped.
14:13:19.563 [DEBUG] [org.gradle.launcher.daemon.server.Daemon] stop() called on daemon
14:13:19.563 [INFO] [org.gradle.launcher.daemon.server.Daemon] Stop requested. Daemon is removing its presence from the registry...
14:13:19.563 [DEBUG] [org.gradle.launcher.daemon.server.SynchronizedDispatchConnection] thread 17: dispatching class org.gradle.launcher.daemon.protocol.Success
14:13:19.563 [DEBUG] [org.gradle.launcher.daemon.server.DaemonRegistryUpdater] Removing our presence to clients, eg. removing this address from the registry: [4ac26cf0-07e7-442e-8fe3-1e593a1f44bf port:59807, addresses:[/0:0:0:0:0:0:0:1%lo0, /127.0.0.1]]
14:13:19.563 [DEBUG] [org.gradle.launcher.daemon.server.DefaultIncomingConnectionHandler] Finishing executing command: Stop[id=43ce7d9b-6fbb-4ff3-bd6a-cbb53e013cc0]
14:13:19.564 [DEBUG] [org.gradle.launcher.daemon.server.SynchronizedDispatchConnection] thread 32: received class org.gradle.launcher.daemon.protocol.Finished
14:13:19.564 [DEBUG] [org.gradle.launcher.daemon.server.DefaultDaemonConnection] thread 32: Received non-IO message from client: org.gradle.launcher.daemon.protocol.Finished@3a8917d7
14:13:19.564 [DEBUG] [org.gradle.launcher.daemon.registry.PersistentDaemonRegistry] Removing daemon address: [4ac26cf0-07e7-442e-8fe3-1e593a1f44bf port:59807, addresses:[/0:0:0:0:0:0:0:1%lo0, /127.0.0.1]]
14:13:19.564 [DEBUG] [org.gradle.launcher.daemon.server.DefaultIncomingConnectionHandler] Received finished message: org.gradle.launcher.daemon.protocol.Finished@3a8917d7
14:13:19.564 [DEBUG] [org.gradle.launcher.daemon.server.SynchronizedDispatchConnection] thread 17: stopping connection
14:13:19.564 [DEBUG] [org.gradle.internal.remote.internal.inet.SocketConnection] Discarding EOFException: java.io.EOFException
14:13:19.565 [DEBUG] [org.gradle.cache.internal.DefaultFileLockManager] Waiting to acquire exclusive lock on daemon addresses registry.
14:13:19.565 [DEBUG] [org.gradle.launcher.daemon.server.SynchronizedDispatchConnection] thread 32: received null
14:13:19.565 [DEBUG] [org.gradle.launcher.daemon.server.DefaultDaemonConnection] thread 32: Received end-of-input from client.
14:13:19.565 [DEBUG] [org.gradle.cache.internal.DefaultFileLockManager] Lock acquired on daemon addresses registry.
14:13:19.565 [DEBUG] [org.gradle.launcher.daemon.server.SynchronizedDispatchConnection] thread 17: stopping connection
14:13:19.566 [DEBUG] [org.gradle.cache.internal.DefaultFileLockManager] Releasing lock on daemon addresses registry.
14:13:19.566 [DEBUG] [org.gradle.launcher.daemon.server.DaemonRegistryUpdater] Address removed from registry.
14:13:19.569 [DEBUG] [org.gradle.cache.internal.LockOnDemandCrossProcessCacheAccess] Releasing file lock for jars (/Users/simranjit/Documents/wire/qa-code-challenge/caches/jars-3)
14:13:19.569 [DEBUG] [org.gradle.cache.internal.DefaultFileLockManager] Releasing lock on jars (/Users/simranjit/Documents/wire/qa-code-challenge/caches/jars-3).
14:13:19.570 [DEBUG] [org.gradle.cache.internal.DefaultPersistentDirectoryStore] jars (/Users/simranjit/Documents/wire/qa-code-challenge/caches/jars-3) has last been fully cleaned up 17 hours ago
14:13:19.574 [DEBUG] [org.gradle.cache.internal.LockOnDemandCrossProcessCacheAccess] Releasing file lock for file hash cache (/Users/simranjit/Documents/wire/qa-code-challenge/caches/5.2.1/fileHashes)
14:13:19.575 [DEBUG] [org.gradle.cache.internal.btree.BTreePersistentIndexedCache] Closing cache fileHashes.bin (/Users/simranjit/Documents/wire/qa-code-challenge/caches/5.2.1/fileHashes/fileHashes.bin)
14:13:19.575 [DEBUG] [org.gradle.cache.internal.btree.BTreePersistentIndexedCache] Closing cache resourceHashesCache.bin (/Users/simranjit/Documents/wire/qa-code-challenge/caches/5.2.1/fileHashes/resourceHashesCache.bin)
14:13:19.575 [DEBUG] [org.gradle.cache.internal.DefaultFileLockManager] Releasing lock on file hash cache (/Users/simranjit/Documents/wire/qa-code-challenge/caches/5.2.1/fileHashes).
14:13:19.576 [DEBUG] [org.gradle.cache.internal.DefaultCacheAccess] Cache Generated Gradle JARs cache (/Users/simranjit/Documents/wire/qa-code-challenge/caches/5.2.1/generated-gradle-jars) was closed 0 times.
14:13:19.576 [DEBUG] [org.gradle.cache.internal.DefaultPersistentDirectoryStore] artifact cache (/Users/simranjit/Documents/wire/qa-code-challenge/caches/modules-2) has last been fully cleaned up 17 hours ago
14:13:19.576 [DEBUG] [org.gradle.cache.internal.DefaultCacheAccess] Cache artifact cache (/Users/simranjit/Documents/wire/qa-code-challenge/caches/modules-2) was closed 0 times.
14:13:19.576 [DEBUG] [org.gradle.cache.internal.DefaultPersistentDirectoryStore] Artifact transforms cache (/Users/simranjit/Documents/wire/qa-code-challenge/caches/transforms-2) has last been fully cleaned up 17 hours ago
14:13:19.576 [DEBUG] [org.gradle.cache.internal.DefaultCacheAccess] Cache Artifact transforms cache (/Users/simranjit/Documents/wire/qa-code-challenge/caches/transforms-2) was closed 0 times.
14:13:19.577 [DEBUG] [org.gradle.cache.internal.LockOnDemandCrossProcessCacheAccess] Releasing file lock for journal cache (/Users/simranjit/Documents/wire/qa-code-challenge/caches/journal-1)
14:13:19.577 [DEBUG] [org.gradle.cache.internal.btree.BTreePersistentIndexedCache] Closing cache file-access.bin (/Users/simranjit/Documents/wire/qa-code-challenge/caches/journal-1/file-access.bin)
14:13:19.577 [DEBUG] [org.gradle.cache.internal.DefaultFileLockManager] Releasing lock on journal cache (/Users/simranjit/Documents/wire/qa-code-challenge/caches/journal-1).
14:13:19.578 [DEBUG] [org.gradle.cache.internal.LockOnDemandCrossProcessCacheAccess] Releasing file lock for execution history cache (/Users/simranjit/Documents/wire/qa-code-challenge/caches/5.2.1/executionHistory)
14:13:19.578 [DEBUG] [org.gradle.cache.internal.DefaultFileLockManager] Releasing lock on execution history cache (/Users/simranjit/Documents/wire/qa-code-challenge/caches/5.2.1/executionHistory).
Daemon vm is shutting down... The daemon has exited normally or was terminated in response to a user interrupt.
14:13:19.579 [DEBUG] [org.gradle.launcher.daemon.registry.PersistentDaemonRegistry] Removing daemon address: [4ac26cf0-07e7-442e-8fe3-1e593a1f44bf port:59807, addresses:[/0:0:0:0:0:0:0:1%lo0, /127.0.0.1]]
14:13:19.580 [DEBUG] [org.gradle.cache.internal.DefaultFileLockManager] Waiting to acquire exclusive lock on daemon addresses registry.
14:13:19.580 [DEBUG] [org.gradle.cache.internal.DefaultFileLockManager] Lock acquired on daemon addresses registry.
14:13:19.581 [DEBUG] [org.gradle.cache.internal.DefaultFileLockManager] Releasing lock on daemon addresses registry.
